<?xml version="1.0" encoding="UTF-8"?>
<testng-results skipped="0" failed="0" ignored="0" total="1" passed="1">
  <reporter-output>
    <line>
      <![CDATA[Successfully Launched Chrome Browser]]>
    </line>
    <line>
      <![CDATA[Browser window is maximized successfully]]>
    </line>
  </reporter-output>
  <suite name="Default suite" duration-ms="27497" started-at="2022-04-11T15:54:39 IST" finished-at="2022-04-11T15:55:06 IST">
    <groups>
    </groups>
    <test name="Default test" duration-ms="27497" started-at="2022-04-11T15:54:39 IST" finished-at="2022-04-11T15:55:06 IST">
      <class name="users.PhpTravels_Test001_test">
        <test-method status="PASS" signature="openTheBrowser(java.lang.String)[pri:0, instance:users.PhpTravels_Test001_test@1563da5]" name="openTheBrowser" is-config="true" duration-ms="8368" started-at="2022-04-11T15:54:39 IST" finished-at="2022-04-11T15:54:47 IST">
          <params>
            <param index="0">
              <value>
                <![CDATA[chrome]]>
              </value>
            </param>
          </params>
          <reporter-output>
            <line>
              <![CDATA[Successfully Launched Chrome Browser]]>
            </line>
            <line>
              <![CDATA[Browser window is maximized successfully]]>
            </line>
          </reporter-output>
        </test-method> <!-- openTheBrowser -->
        <test-method status="PASS" signature="loginToApplication()[pri:0, instance:users.PhpTravels_Test001_test@1563da5]" name="loginToApplication" is-config="true" duration-ms="6318" started-at="2022-04-11T15:54:47 IST" finished-at="2022-04-11T15:54:54 IST">
          <reporter-output>
          </reporter-output>
        </test-method> <!-- loginToApplication -->
        <test-method status="PASS" signature="Test01()[pri:0, instance:users.PhpTravels_Test001_test@1563da5]" name="Test01" duration-ms="10020" started-at="2022-04-11T15:54:54 IST" finished-at="2022-04-11T15:55:04 IST">
          <reporter-output>
          </reporter-output>
        </test-method> <!-- Test01 -->
        <test-method status="PASS" signature="logoutOfApplication()[pri:0, instance:users.PhpTravels_Test001_test@1563da5]" name="logoutOfApplication" is-config="true" duration-ms="1568" started-at="2022-04-11T15:55:04 IST" finished-at="2022-04-11T15:55:05 IST">
          <reporter-output>
          </reporter-output>
        </test-method> <!-- logoutOfApplication -->
        <test-method status="PASS" signature="closeTheBrowser()[pri:0, instance:users.PhpTravels_Test001_test@1563da5]" name="closeTheBrowser" is-config="true" duration-ms="1185" started-at="2022-04-11T15:55:05 IST" finished-at="2022-04-11T15:55:06 IST">
          <reporter-output>
          </reporter-output>
        </test-method> <!-- closeTheBrowser -->
      </class> <!-- users.PhpTravels_Test001_test -->
    </test> <!-- Default test -->
  </suite> <!-- Default suite -->
</testng-results>
